<?xml version="1.0" encoding="UTF-8"?>
<!-- Generated by org.testng.reporters.JUnitXMLReporter -->
<testsuite ignored="0" hostname="DESKTOP-RE3DM9I" failures="0" tests="12" name="Test" time="2326.701" errors="0" timestamp="2021-04-14T17:20:56 IST">
  <testcase classname="Testcases.AboutPageTest" name="AboutDronaPageTest" time="145.242"/>
  <testcase classname="Testcases.AboutPageTest" name="PrivacyPolicyPageTest" time="149.758"/>
  <testcase classname="Testcases.AboutPageTest" name="TermsOfUsePageTest" time="141.82"/>
  <testcase classname="Testcases.HelpPageTest" name="CallOurSupportPageTest" time="157.43"/>
  <testcase classname="Testcases.HelpPageTest" name="SendUsEmailPageTest" time="153.277"/>
  <testcase classname="Testcases.HelpPageTest" name="ViewAllFAQTest" time="168.082"/>
  <testcase classname="Testcases.HelpPageTest" name="SearchQuestionArticleTest" time="169.472"/>
  <testcase classname="Testcases.NotificationTest" name="UnreadNotification" time="165.171"/>
  <testcase classname="Testcases.NotificationTest" name="MarkAllNotificationAsRead" time="177.048"/>
  <testcase classname="Testcases.NotificationTest" name="SelectNotification" time="181.746"/>
  <testcase classname="Testcases.SetUpUPIandBankDetailsTest" name="SetInClinicTimingsTest" time="167.25"/>
  <testcase classname="Testcases.SetUpUPIandBankDetailsTest" name="SetUPIdetailsTest" time="172.159"/>
</testsuite> <!-- Test -->
