<?xml version="1.0" encoding="UTF-8"?>
<testng-results ignored="0" total="1" passed="1" failed="0" skipped="0">
  <reporter-output>
  </reporter-output>
  <suite started-at="2021-05-12T17:35:44 IST" name="Suite" finished-at="2021-05-12T17:38:42 IST" duration-ms="177441">
    <groups>
    </groups>
    <test started-at="2021-05-12T17:35:44 IST" name="Test" finished-at="2021-05-12T17:38:42 IST" duration-ms="177441">
      <class name="Testcases.CommunityPageTest">
        <test-method is-config="true" signature="setUp()[pri:0, instance:Testcases.CommunityPageTest@740773a3]" started-at="2021-05-12T17:35:44 IST" name="setUp" finished-at="2021-05-12T17:36:06 IST" duration-ms="21656" status="PASS">
          <reporter-output>
          </reporter-output>
        </test-method> <!-- setUp -->
        <test-method signature="PickTopicsToShow()[pri:1, instance:Testcases.CommunityPageTest@740773a3]" started-at="2021-05-12T17:36:06 IST" name="PickTopicsToShow" description="Pic Topics to Show in Community Section" finished-at="2021-05-12T17:38:31 IST" duration-ms="144908" status="PASS">
          <reporter-output>
          </reporter-output>
        </test-method> <!-- PickTopicsToShow -->
        <test-method is-config="true" signature="TearDown(org.testng.ITestResult)[pri:0, instance:Testcases.CommunityPageTest@740773a3]" started-at="2021-05-12T17:38:31 IST" name="TearDown" finished-at="2021-05-12T17:38:42 IST" duration-ms="10838" status="PASS">
          <params>
            <param index="0">
              <value>
                <![CDATA[[TestResult name=PickTopicsToShow status=SUCCESS method=CommunityPageTest.PickTopicsToShow()[pri:1, instance:Testcases.CommunityPageTest@740773a3] output={null}]]]>
              </value>
            </param>
          </params>
          <reporter-output>
          </reporter-output>
        </test-method> <!-- TearDown -->
      </class> <!-- Testcases.CommunityPageTest -->
    </test> <!-- Test -->
  </suite> <!-- Suite -->
</testng-results>
