<?xml version="1.0" encoding="UTF-8"?>
<testng-results ignored="0" total="1" passed="1" failed="0" skipped="0">
  <reporter-output>
  </reporter-output>
  <suite started-at="2021-04-14T14:48:21 IST" name="Suite" finished-at="2021-04-14T14:52:23 IST" duration-ms="241843">
    <groups>
    </groups>
    <test started-at="2021-04-14T14:48:21 IST" name="Test" finished-at="2021-04-14T14:52:23 IST" duration-ms="241843">
      <class name="Testcases.MessagePageTest">
        <test-method is-config="true" signature="setUp()[pri:0, instance:Testcases.MessagePageTest@740773a3]" started-at="2021-04-14T14:48:21 IST" name="setUp" finished-at="2021-04-14T14:49:01 IST" duration-ms="39203" status="PASS">
          <reporter-output>
          </reporter-output>
        </test-method> <!-- setUp -->
        <test-method signature="SendEmailInMessageSection()[pri:1, instance:Testcases.MessagePageTest@740773a3]" started-at="2021-04-14T14:49:01 IST" name="SendEmailInMessageSection" description="Message Section Test" finished-at="2021-04-14T14:52:12 IST" duration-ms="191336" status="PASS">
          <reporter-output>
          </reporter-output>
        </test-method> <!-- SendEmailInMessageSection -->
        <test-method is-config="true" signature="TearDown(org.testng.ITestResult)[pri:0, instance:Testcases.MessagePageTest@740773a3]" started-at="2021-04-14T14:52:12 IST" name="TearDown" finished-at="2021-04-14T14:52:23 IST" duration-ms="11251" status="PASS">
          <params>
            <param index="0">
              <value>
                <![CDATA[[TestResult name=SendEmailInMessageSection status=SUCCESS method=MessagePageTest.SendEmailInMessageSection()[pri:1, instance:Testcases.MessagePageTest@740773a3] output={null}]]]>
              </value>
            </param>
          </params>
          <reporter-output>
          </reporter-output>
        </test-method> <!-- TearDown -->
      </class> <!-- Testcases.MessagePageTest -->
    </test> <!-- Test -->
  </suite> <!-- Suite -->
</testng-results>
